Using pre-set license
Built from '2020.2/release' branch; Version is '2020.2.1f1 (270dd8c3da1c) revision 2559448'; Using compiler version '192528614'; Build Type 'Release'
OS: 'Windows 10  (10.0.0) 64bit' Language: 'en' Physical Memory: 16332 MB
BatchMode: 1, IsHumanControllingUs: 0, StartBugReporterOnCrash: 0, Is64bit: 1, IsPro: 0

 COMMAND LINE ARGUMENTS:
M:\Program Files\Unity Hub\2020.2.1f1\Editor\Unity.exe
-adb2
-batchMode
-noUpm
-name
AssetImportWorker0
-projectPath
M:/VGP Term 3/VGP142/VGP_142_2021_Labs-main/VGP_142_2021_Labs-main/VGP142_Assignments_2021
-logFile
Logs/AssetImportWorker0.log
-srvPort
59021
Successfully changed project path to: M:/VGP Term 3/VGP142/VGP_142_2021_Labs-main/VGP_142_2021_Labs-main/VGP142_Assignments_2021
M:/VGP Term 3/VGP142/VGP_142_2021_Labs-main/VGP_142_2021_Labs-main/VGP142_Assignments_2021
Using Asset Import Pipeline V2.
Refreshing native plugins compatible for Editor in 47.34 ms, found 0 plugins.
Preloading 0 native plugins for Editor in 0.00 ms.
Initialize engine version: 2020.2.1f1 (270dd8c3da1c)
[Subsystems] Discovering subsystems at path M:/Program Files/Unity Hub/2020.2.1f1/Editor/Data/Resources/UnitySubsystems
[Subsystems] Discovering subsystems at path M:/VGP Term 3/VGP142/VGP_142_2021_Labs-main/VGP_142_2021_Labs-main/VGP142_Assignments_2021/Assets
GfxDevice: creating device client; threaded=0
Direct3D:
    Version:  Direct3D 11.0 [level 11.1]
    Renderer: NVIDIA GeForce RTX 3080 (ID=0x2206)
    Vendor:   
    VRAM:     10078 MB
    Driver:   27.21.14.6627
Initialize mono
Mono path[0] = 'M:/Program Files/Unity Hub/2020.2.1f1/Editor/Data/Managed'
Mono path[1] = 'M:/Program Files/Unity Hub/2020.2.1f1/Editor/Data/MonoBleedingEdge/lib/mono/unityjit'
Mono config path = 'M:/Program Files/Unity Hub/2020.2.1f1/Editor/Data/MonoBleedingEdge/etc'
Using monoOptions --debugger-agent=transport=dt_socket,embedding=1,server=y,suspend=n,address=127.0.0.1:56552
Begin MonoManager ReloadAssembly
Registering precompiled unity dll's ...
Register platform support module: M:/Program Files/Unity Hub/2020.2.1f1/Editor/Data/PlaybackEngines/WindowsStandaloneSupport/UnityEditor.WindowsStandalone.Extensions.dll
Registered in 0.001097 seconds.
Native extension for WindowsStandalone target not found
Refreshing native plugins compatible for Editor in 38.57 ms, found 0 plugins.
Preloading 0 native plugins for Editor in 0.00 ms.
Invoked RoslynAnalysisRunner static constructor.
RoslynAnalysisRunner will not be running.
RoslynAnalysisRunner has terminated.
Mono: successfully reloaded assembly
- Completed reload, in  1.175 seconds
Platform modules already initialized, skipping
Registering precompiled user dll's ...
Registered in 0.000898 seconds.
Begin MonoManager ReloadAssembly
Native extension for WindowsStandalone target not found
Refreshing native plugins compatible for Editor in 0.48 ms, found 0 plugins.
Preloading 0 native plugins for Editor in 0.00 ms.
Invoked RoslynAnalysisRunner static constructor.
RoslynAnalysisRunner will not be running.
RoslynAnalysisRunner has terminated.
Mono: successfully reloaded assembly
- Completed reload, in  0.689 seconds
Platform modules already initialized, skipping
========================================================================
Worker process is ready to serve import requests
Launched and connected shader compiler UnityShaderCompiler.exe after 0.03 seconds
Refreshing native plugins compatible for Editor in 0.54 ms, found 0 plugins.
Preloading 0 native plugins for Editor in 0.00 ms.
Unloading 1352 Unused Serialized files (Serialized files now loaded: 0)
System memory in use before: 100.6 MB.
System memory in use after: 96.9 MB.

Unloading 28 unused Assets to reduce memory usage. Loaded Objects now: 1808.
Total: 3.551700 ms (FindLiveObjects: 0.201300 ms CreateObjectMapping: 0.032700 ms MarkObjects: 1.484300 ms  DeleteObjects: 1.832700 ms)

========================================================================
Received Import Request.
  path: Assets/Scripts/CanvasManger.cs
  artifactKey: Guid(998ae6a7d8735474691b07884abe9675) Importer(815301076,1909f56bfc062723c751e8b465ee728b)
Start importing Assets/Scripts/CanvasManger.cs using Guid(998ae6a7d8735474691b07884abe9675) Importer(815301076,1909f56bfc062723c751e8b465ee728b)  -> (artifact id: '6fa5791a9df6710b6ff064824676151a') in 0.869240 seconds
  Import took 0.874203 seconds .

========================================================================
Received Import Request.
  Time since last request: 22.224727 seconds.
  path: Assets/Scripts/Character.cs
  artifactKey: Guid(7472ead09a8d6ac4ca87a8cd37220c41) Importer(815301076,1909f56bfc062723c751e8b465ee728b)
Start importing Assets/Scripts/Character.cs using Guid(7472ead09a8d6ac4ca87a8cd37220c41) Importer(815301076,1909f56bfc062723c751e8b465ee728b)  -> (artifact id: '0e2042a2a61b7eca68f188d5cf5651a4') in 0.002285 seconds
  Import took 0.005324 seconds .

========================================================================
Received Prepare
Registering precompiled user dll's ...
Registered in 0.000928 seconds.
Begin MonoManager ReloadAssembly
Native extension for WindowsStandalone target not found
Refreshing native plugins compatible for Editor in 0.48 ms, found 0 plugins.
Preloading 0 native plugins for Editor in 0.00 ms.
Invoked RoslynAnalysisRunner static constructor.
RoslynAnalysisRunner will not be running.
RoslynAnalysisRunner has terminated.
Mono: successfully reloaded assembly
- Completed reload, in  0.642 seconds
Platform modules already initialized, skipping
Refreshing native plugins compatible for Editor in 0.58 ms, found 0 plugins.
Preloading 0 native plugins for Editor in 0.00 ms.
Unloading 1312 Unused Serialized files (Serialized files now loaded: 0)
System memory in use before: 98.7 MB.
System memory in use after: 95.1 MB.

Unloading 23 unused Assets to reduce memory usage. Loaded Objects now: 1810.
Total: 3.522100 ms (FindLiveObjects: 0.221500 ms CreateObjectMapping: 0.029200 ms MarkObjects: 1.367200 ms  DeleteObjects: 1.902900 ms)

========================================================================
Received Import Request.
  Time since last request: 102.580644 seconds.
  path: Assets/Scripts/HealthPotion.cs
  artifactKey: Guid(879719314fceb2144be00d4eba85a8cf) Importer(815301076,1909f56bfc062723c751e8b465ee728b)
Start importing Assets/Scripts/HealthPotion.cs using Guid(879719314fceb2144be00d4eba85a8cf) Importer(815301076,1909f56bfc062723c751e8b465ee728b)  -> (artifact id: '76b0c1dec7ca887c5ea38119624b0a66') in 0.005352 seconds
  Import took 0.009838 seconds .

========================================================================
Received Import Request.
  Time since last request: 0.017398 seconds.
  path: Assets/Scripts/HealthPotion.cs
  artifactKey: Guid(879719314fceb2144be00d4eba85a8cf) Importer(815301076,1909f56bfc062723c751e8b465ee728b)
Start importing Assets/Scripts/HealthPotion.cs using Guid(879719314fceb2144be00d4eba85a8cf) Importer(815301076,1909f56bfc062723c751e8b465ee728b)  -> (artifact id: '76b0c1dec7ca887c5ea38119624b0a66') in 0.002816 seconds
  Import took 0.005461 seconds .

========================================================================
Received Prepare
Registering precompiled user dll's ...
Registered in 0.000992 seconds.
Begin MonoManager ReloadAssembly
Native extension for WindowsStandalone target not found
Refreshing native plugins compatible for Editor in 0.66 ms, found 0 plugins.
Preloading 0 native plugins for Editor in 0.00 ms.
Invoked RoslynAnalysisRunner static constructor.
RoslynAnalysisRunner will not be running.
RoslynAnalysisRunner has terminated.
Mono: successfully reloaded assembly
- Completed reload, in  0.677 seconds
Platform modules already initialized, skipping
Refreshing native plugins compatible for Editor in 0.49 ms, found 0 plugins.
Preloading 0 native plugins for Editor in 0.00 ms.
Unloading 1312 Unused Serialized files (Serialized files now loaded: 0)
System memory in use before: 98.8 MB.
System memory in use after: 95.2 MB.

Unloading 23 unused Assets to reduce memory usage. Loaded Objects now: 1812.
Total: 3.619700 ms (FindLiveObjects: 0.205000 ms CreateObjectMapping: 0.035500 ms MarkObjects: 1.253800 ms  DeleteObjects: 2.124100 ms)

========================================================================
Received Prepare
Registering precompiled user dll's ...
Registered in 0.001023 seconds.
Begin MonoManager ReloadAssembly
Native extension for WindowsStandalone target not found
Refreshing native plugins compatible for Editor in 0.50 ms, found 0 plugins.
Preloading 0 native plugins for Editor in 0.00 ms.
Invoked RoslynAnalysisRunner static constructor.
RoslynAnalysisRunner will not be running.
RoslynAnalysisRunner has terminated.
Mono: successfully reloaded assembly
- Completed reload, in  0.643 seconds
Platform modules already initialized, skipping
Refreshing native plugins compatible for Editor in 0.60 ms, found 0 plugins.
Preloading 0 native plugins for Editor in 0.00 ms.
Unloading 1312 Unused Serialized files (Serialized files now loaded: 0)
System memory in use before: 98.8 MB.
System memory in use after: 95.2 MB.

Unloading 23 unused Assets to reduce memory usage. Loaded Objects now: 1814.
Total: 3.778400 ms (FindLiveObjects: 0.177400 ms CreateObjectMapping: 0.031400 ms MarkObjects: 1.447600 ms  DeleteObjects: 2.121200 ms)

AssetImportWorkerClient::OnTransportError - code=2 error=End of file
